0 info it worked if it ends with ok
1 verbose cli [ '/home/peaul/.nvm/versions/node/v5.2.0/bin/node',
1 verbose cli   '/home/peaul/.nvm/versions/node/v5.2.0/bin/npm',
1 verbose cli   'version',
1 verbose cli   'patch' ]
2 info using npm@3.3.12
3 info using node@v5.2.0
4 info git [ 'status', '--porcelain' ]
5 verbose stack Error: Git working directory not clean.
5 verbose stack M package.json
5 verbose stack M run-para.js
5 verbose stack M test/index.coffee
5 verbose stack     at /home/peaul/.nvm/versions/node/v5.2.0/lib/node_modules/npm/lib/version.js:172:21
5 verbose stack     at ChildProcess.exithandler (child_process.js:205:7)
5 verbose stack     at emitTwo (events.js:88:13)
5 verbose stack     at ChildProcess.emit (events.js:173:7)
5 verbose stack     at maybeClose (internal/child_process.js:819:16)
5 verbose stack     at Process.ChildProcess._handle.onexit (internal/child_process.js:212:5)
6 verbose cwd /home/peaul/dev/script-runner
7 error Linux 3.13.0-37-generic
8 error argv "/home/peaul/.nvm/versions/node/v5.2.0/bin/node" "/home/peaul/.nvm/versions/node/v5.2.0/bin/npm" "version" "patch"
9 error node v5.2.0
10 error npm  v3.3.12
11 error Git working directory not clean.
11 error M package.json
11 error M run-para.js
11 error M test/index.coffee
12 error If you need help, you may report this error at:
12 error     <https://github.com/npm/npm/issues>
13 verbose exit [ 1, true ]
